{
  "RSpec": {
    "coverage": {
      "/Users/sohamchetan/Documents/Robotics/lib/robotscanner.rb": [
        1,
        1
      ],
      "/Users/sohamchetan/Documents/Robotics/lib/robotscanner/direction.rb": [
        1,
        null,
        1,
        null,
        1,
        45,
        null,
        null,
        1,
        6,
        null,
        null,
        1,
        13,
        null,
        null,
        1,
        4,
        null,
        null,
        1,
        2,
        null,
        null,
        1,
        10,
        10,
        null,
        null,
        1,
        10,
        10,
        null,
        null,
        1,
        14,
        null,
        null,
        null,
        null
      ],
      "/Users/sohamchetan/Documents/Robotics/lib/robotscanner/position.rb": [
        1,
        null,
        1,
        null,
        1,
        9,
        9,
        null,
        null,
        1,
        3,
        1,
        null,
        1,
        null,
        1,
        null,
        3,
        null,
        null,
        1,
        3,
        null,
        null,
        null,
        null
      ],
      "/Users/sohamchetan/Documents/Robotics/spec/robotscanner/position_spec.rb": [
        1,
        null,
        1,
        4,
        2,
        null,
        1,
        1,
        null,
        null,
        1,
        1,
        null,
        null,
        1,
        1,
        null,
        null
      ]
    },
    "timestamp": 1423114881
  }
}
