{
  "RSpec": {
    "coverage": {
      "/Users/sohamchetan/Documents/Robotics/lib/robotscanner.rb": [
        1,
        1
      ],
      "/Users/sohamchetan/Documents/Robotics/lib/robotscanner/direction.rb": [
        1,
        null,
        1,
        null,
        1,
        50,
        null,
        null,
        1,
        7,
        null,
        null,
        1,
        14,
        null,
        null,
        1,
        5,
        null,
        null,
        1,
        4,
        null,
        null,
        1,
        10,
        10,
        null,
        null,
        1,
        10,
        10,
        null,
        null,
        1,
        18,
        null,
        null,
        null,
        null
      ],
      "/Users/sohamchetan/Documents/Robotics/lib/robotscanner/position.rb": [
        1,
        null,
        1,
        null,
        1,
        19,
        19,
        null,
        null,
        1,
        4,
        1,
        null,
        1,
        null,
        1,
        null,
        1,
        null,
        4,
        null,
        null,
        1,
        10,
        null,
        null,
        null,
        null
      ],
      "/Users/sohamchetan/Documents/Robotics/spec/robotscanner/position_spec.rb": [
        1,
        null,
        1,
        7,
        3,
        2,
        null,
        1,
        1,
        null,
        null,
        1,
        1,
        null,
        null,
        1,
        1,
        null,
        null,
        1,
        1,
        null,
        null,
        1,
        1,
        1,
        null,
        null,
        1,
        1,
        null,
        null,
        1,
        1,
        null,
        null,
        null
      ]
    },
    "timestamp": 1423115421
  }
}
